<?xml version="1.0" encoding="UTF-8"?>
<!-- Generated by org.testng.reporters.JUnitReportReporter -->
<testsuite hostname="KarthiKathir" name="TestNGdemo.Class3" tests="2" failures="0" timestamp="29 Sep 2016 16:44:15 GMT" time="0.010" errors="0">
  <testcase name="f" time="0.004" classname="TestNGdemo.Class3"/>
  <testcase name="f" time="0.006" classname="TestNGdemo.Class3"/>
</testsuite> <!-- TestNGdemo.Class3 -->
