<?xml version="1.0" encoding="UTF-8"?>
<!-- Generated by org.testng.reporters.JUnitReportReporter -->
<testsuite name="testNGpackage.testClass" tests="1" time="2.161" ignored="0" failures="0" timestamp="24 Feb 2017 19:05:27 GMT" skipped="0" hostname="DESKTOP-RHDNAGC" errors="0">
  <testcase name="testtestclass" time="2.161" classname="testNGpackage.testClass"/>
</testsuite> <!-- testNGpackage.testClass -->
