<?xml version="1.0" encoding="UTF-8"?>
<!-- Generated by org.testng.reporters.JUnitReportReporter -->
<testsuite hostname="KarthiKathir" name="testNGpackage.SignUptestNG" tests="3" failures="0" timestamp="27 Aug 2016 14:05:53 GMT" time="51.239" errors="0">
  <testcase name="signupError" time="29.909" classname="testNGpackage.SignUptestNG"/>
  <testcase name="scrollpage" time="12.418" classname="testNGpackage.SignUptestNG"/>
  <testcase name="readExcel" time="8.912" classname="testNGpackage.SignUptestNG"/>
</testsuite> <!-- testNGpackage.SignUptestNG -->
