<?xml version="1.0" encoding="UTF-8"?>
<!-- Generated by org.testng.reporters.JUnitReportReporter -->
<testsuite hostname="KarthiKathir" name="TestNGdemo.parametersDemo" tests="1" failures="0" timestamp="11 Sep 2016 14:34:04 GMT" time="0.003" errors="0">
  <testcase name="parameterTest" time="0.003" classname="TestNGdemo.parametersDemo"/>
</testsuite> <!-- TestNGdemo.parametersDemo -->
