<?xml version="1.0" encoding="UTF-8"?>
<!-- Generated by org.testng.reporters.JUnitReportReporter -->
<testsuite hostname="KarthiKathir" name="TestNGdemo.NewTest1" tests="1" failures="0" timestamp="30 Aug 2016 03:19:00 GMT" time="0.002" errors="0">
  <testcase name="f" time="0.002" classname="TestNGdemo.NewTest1"/>
</testsuite> <!-- TestNGdemo.NewTest1 -->
