<?xml version="1.0" encoding="UTF-8"?>
<!-- Generated by org.testng.reporters.JUnitReportReporter -->
<testsuite hostname="KarthiKathir" name="TestNGdemo.yahooSearch" tests="2" failures="0" timestamp="11 Sep 2016 14:34:04 GMT" time="45.745" errors="0">
  <testcase name="yahooSearch1" time="44.145" classname="TestNGdemo.yahooSearch"/>
  <testcase name="googleSearch1" time="1.600" classname="TestNGdemo.yahooSearch"/>
</testsuite> <!-- TestNGdemo.yahooSearch -->
