<?xml version="1.0" encoding="UTF-8"?>
<!-- Generated by org.testng.reporters.JUnitReportReporter -->
<testsuite name="sampletry.log4j" tests="1" time="10.419" ignored="0" failures="0" timestamp="26 Feb 2017 02:34:01 GMT" skipped="0" hostname="DESKTOP-RHDNAGC" errors="0">
  <testcase name="f" time="10.419" classname="sampletry.log4j"/>
</testsuite> <!-- sampletry.log4j -->
