<?xml version="1.0" encoding="UTF-8"?>
<!-- Generated by org.testng.reporters.JUnitReportReporter -->
<testsuite hostname="KarthiKathir" name="TestNGdemo.GoogleSearch" tests="3" failures="0" timestamp="11 Sep 2016 14:34:04 GMT" time="69.242" errors="0">
  <testcase name="gmail" time="6.077" classname="TestNGdemo.GoogleSearch"/>
  <testcase name="yahooSearch" time="61.409" classname="TestNGdemo.GoogleSearch"/>
  <testcase name="googleSearch" time="1.756" classname="TestNGdemo.GoogleSearch"/>
</testsuite> <!-- TestNGdemo.GoogleSearch -->
