<?xml version="1.0" encoding="UTF-8"?>
<!-- Generated by org.testng.reporters.JUnitReportReporter -->
<testsuite hostname="KarthiKathir" name="TestNGdemo.Class1" tests="2" failures="0" timestamp="29 Sep 2016 16:44:15 GMT" time="0.021" errors="0">
  <testcase name="f" time="0.005" classname="TestNGdemo.Class1"/>
  <testcase name="f" time="0.016" classname="TestNGdemo.Class1"/>
</testsuite> <!-- TestNGdemo.Class1 -->
