<?xml version="1.0" encoding="UTF-8"?>
<!-- Generated by org.testng.reporters.JUnitReportReporter -->
<testsuite name="Log4j.Log4jTestNG" tests="1" time="12.915" ignored="0" failures="0" timestamp="26 Feb 2017 16:43:15 GMT" skipped="0" hostname="DESKTOP-RHDNAGC" errors="0">
  <testcase name="f" time="12.915" classname="Log4j.Log4jTestNG"/>
</testsuite> <!-- Log4j.Log4jTestNG -->
