<?xml version="1.0" encoding="UTF-8"?>
<!-- Generated by org.testng.reporters.JUnitReportReporter -->
<testsuite hostname="KarthiKathir" name="testNGpackage.Parametersclass" tests="1" failures="0" timestamp="28 Aug 2016 14:35:30 GMT" time="0.020" errors="0">
  <testcase name="parameterTest" time="0.020" classname="testNGpackage.Parametersclass"/>
</testsuite> <!-- testNGpackage.Parametersclass -->
